-- linux-centos7-broadwell / gcc@8.2.0 --------------------------
intel-oneapi-compilers@2023.0.0
intel-oneapi-mkl@2024.2.1
intel-oneapi-mpi@2021.13.1
	linux-vdso.so.1 =>  (0x00007fff5f6c4000)
	libmkl_intel_lp64.so.2 => /home/spack/spack/opt/spack/linux-centos7-broadwell/gcc-8.2.0/intel-oneapi-mkl-2024.2.1-2ept5lpbp5bastej6jsrfm45y5ab2lpn/mkl/2024.2/lib/libmkl_intel_lp64.so.2 (0x000014e5ea27a000)
	libmkl_sequential.so.2 => /home/spack/spack/opt/spack/linux-centos7-broadwell/gcc-8.2.0/intel-oneapi-mkl-2024.2.1-2ept5lpbp5bastej6jsrfm45y5ab2lpn/mkl/2024.2/lib/libmkl_sequential.so.2 (0x000014e5e8d61000)
	libmkl_core.so.2 => /home/spack/spack/opt/spack/linux-centos7-broadwell/gcc-8.2.0/intel-oneapi-mkl-2024.2.1-2ept5lpbp5bastej6jsrfm45y5ab2lpn/mkl/2024.2/lib/libmkl_core.so.2 (0x000014e5e4dec000)
	libmkl_blacs_intelmpi_lp64.so.2 => /home/spack/spack/opt/spack/linux-centos7-broadwell/gcc-8.2.0/intel-oneapi-mkl-2024.2.1-2ept5lpbp5bastej6jsrfm45y5ab2lpn/mkl/2024.2/lib/libmkl_blacs_intelmpi_lp64.so.2 (0x000014e5eb308000)
	libmkl_scalapack_lp64.so.2 => /home/spack/spack/opt/spack/linux-centos7-broadwell/gcc-8.2.0/intel-oneapi-mkl-2024.2.1-2ept5lpbp5bastej6jsrfm45y5ab2lpn/mkl/2024.2/lib/libmkl_scalapack_lp64.so.2 (0x000014e5e46e8000)
	libirng.so => /home/spack/spack/opt/spack/linux-centos7-broadwell/gcc-8.2.0/intel-oneapi-compilers-2023.0.0-qdtyksft5ugoazragh7yusjezd4gp7hm/compiler/2023.0.0/linux/compiler/lib/intel64_lin/libirng.so (0x000014e5e437c000)
	libcilkrts.so.5 => /home/spack/spack/opt/spack/linux-centos7-broadwell/gcc-8.2.0/intel-oneapi-compilers-2023.0.0-qdtyksft5ugoazragh7yusjezd4gp7hm/compiler/2023.0.0/linux/compiler/lib/intel64_lin/libcilkrts.so.5 (0x000014e5e413b000)
	libstdc++.so.6 => /lib64/libstdc++.so.6 (0x000014e5e3e33000)
	libmpifort.so.12 => /home/spack/spack/opt/spack/linux-centos7-broadwell/gcc-8.2.0/intel-oneapi-mpi-2021.13.1-tc3o22m5brhwlepjze7ymovtbug6ollk/mpi/2021.13/lib/libmpifort.so.12 (0x000014e5e3a87000)
	libmpi.so.12 => /home/spack/spack/opt/spack/linux-centos7-broadwell/gcc-8.2.0/intel-oneapi-mpi-2021.13.1-tc3o22m5brhwlepjze7ymovtbug6ollk/mpi/2021.13/lib/libmpi.so.12 (0x000014e5d9c4c000)
	libdl.so.2 => /lib64/libdl.so.2 (0x000014e5d9a48000)
	librt.so.1 => /lib64/librt.so.1 (0x000014e5d9840000)
	libpthread.so.0 => /lib64/libpthread.so.0 (0x000014e5d9624000)
	libm.so.6 => /lib64/libm.so.6 (0x000014e5d9322000)
	libc.so.6 => /lib64/libc.so.6 (0x000014e5d8f54000)
	libgcc_s.so.1 => /lib64/libgcc_s.so.1 (0x000014e5d8d3e000)
	libintlc.so.5 => /home/spack/spack/opt/spack/linux-centos7-broadwell/gcc-8.2.0/intel-oneapi-compilers-2023.0.0-qdtyksft5ugoazragh7yusjezd4gp7hm/compiler/2023.0.0/linux/compiler/lib/intel64_lin/libintlc.so.5 (0x000014e5eb281000)
	/lib64/ld-linux-x86-64.so.2 (0x000014e5eb129000)
srun: error: spank: x11.so: Plugin file not found
srun: Job step aborted: Waiting up to 32 seconds for job step to finish.
slurmstepd: error: *** STEP 985149.0 ON f021 CANCELLED AT 2024-12-04T14:25:26 ***
slurmstepd: error: *** JOB 985149 ON f021 CANCELLED AT 2024-12-04T14:25:26 ***
