-- linux-centos7-broadwell / gcc@8.2.0 --------------------------
intel-oneapi-compilers@2023.0.0
intel-oneapi-mkl@2024.2.1
intel-oneapi-mpi@2021.13.1
	linux-vdso.so.1 =>  (0x00007ffc5ada6000)
	libmkl_intel_lp64.so.2 => /home/spack/spack/opt/spack/linux-centos7-broadwell/gcc-8.2.0/intel-oneapi-mkl-2024.2.1-2ept5lpbp5bastej6jsrfm45y5ab2lpn/mkl/2024.2/lib/libmkl_intel_lp64.so.2 (0x0000149b91dfe000)
	libmkl_sequential.so.2 => /home/spack/spack/opt/spack/linux-centos7-broadwell/gcc-8.2.0/intel-oneapi-mkl-2024.2.1-2ept5lpbp5bastej6jsrfm45y5ab2lpn/mkl/2024.2/lib/libmkl_sequential.so.2 (0x0000149b908e5000)
	libmkl_core.so.2 => /home/spack/spack/opt/spack/linux-centos7-broadwell/gcc-8.2.0/intel-oneapi-mkl-2024.2.1-2ept5lpbp5bastej6jsrfm45y5ab2lpn/mkl/2024.2/lib/libmkl_core.so.2 (0x0000149b8c970000)
	libmkl_blacs_intelmpi_lp64.so.2 => /home/spack/spack/opt/spack/linux-centos7-broadwell/gcc-8.2.0/intel-oneapi-mkl-2024.2.1-2ept5lpbp5bastej6jsrfm45y5ab2lpn/mkl/2024.2/lib/libmkl_blacs_intelmpi_lp64.so.2 (0x0000149b92e8c000)
	libmkl_scalapack_lp64.so.2 => /home/spack/spack/opt/spack/linux-centos7-broadwell/gcc-8.2.0/intel-oneapi-mkl-2024.2.1-2ept5lpbp5bastej6jsrfm45y5ab2lpn/mkl/2024.2/lib/libmkl_scalapack_lp64.so.2 (0x0000149b8c26c000)
	libirng.so => /home/spack/spack/opt/spack/linux-centos7-broadwell/gcc-8.2.0/intel-oneapi-compilers-2023.0.0-qdtyksft5ugoazragh7yusjezd4gp7hm/compiler/2023.0.0/linux/compiler/lib/intel64_lin/libirng.so (0x0000149b8bf00000)
	libcilkrts.so.5 => /home/spack/spack/opt/spack/linux-centos7-broadwell/gcc-8.2.0/intel-oneapi-compilers-2023.0.0-qdtyksft5ugoazragh7yusjezd4gp7hm/compiler/2023.0.0/linux/compiler/lib/intel64_lin/libcilkrts.so.5 (0x0000149b8bcbf000)
	libstdc++.so.6 => /lib64/libstdc++.so.6 (0x0000149b8b9b7000)
	libmpifort.so.12 => /home/spack/spack/opt/spack/linux-centos7-broadwell/gcc-8.2.0/intel-oneapi-mpi-2021.13.1-tc3o22m5brhwlepjze7ymovtbug6ollk/mpi/2021.13/lib/libmpifort.so.12 (0x0000149b8b60b000)
	libmpi.so.12 => /home/spack/spack/opt/spack/linux-centos7-broadwell/gcc-8.2.0/intel-oneapi-mpi-2021.13.1-tc3o22m5brhwlepjze7ymovtbug6ollk/mpi/2021.13/lib/libmpi.so.12 (0x0000149b817d0000)
	libdl.so.2 => /lib64/libdl.so.2 (0x0000149b815cc000)
	librt.so.1 => /lib64/librt.so.1 (0x0000149b813c4000)
	libpthread.so.0 => /lib64/libpthread.so.0 (0x0000149b811a8000)
	libm.so.6 => /lib64/libm.so.6 (0x0000149b80ea6000)
	libc.so.6 => /lib64/libc.so.6 (0x0000149b80ad8000)
	libgcc_s.so.1 => /lib64/libgcc_s.so.1 (0x0000149b808c2000)
	libintlc.so.5 => /home/spack/spack/opt/spack/linux-centos7-broadwell/gcc-8.2.0/intel-oneapi-compilers-2023.0.0-qdtyksft5ugoazragh7yusjezd4gp7hm/compiler/2023.0.0/linux/compiler/lib/intel64_lin/libintlc.so.5 (0x0000149b92e05000)
	/lib64/ld-linux-x86-64.so.2 (0x0000149b92cad000)
srun: error: spank: x11.so: Plugin file not found
slurmstepd: error: *** STEP 985148.0 ON f020 CANCELLED AT 2024-12-04T14:25:26 ***
slurmstepd: error: *** JOB 985148 ON f020 CANCELLED AT 2024-12-04T14:25:26 ***
srun: Job step aborted: Waiting up to 32 seconds for job step to finish.
